\BOOKMARK [1][-]{section.1}{Cell\040biology}{}% 1
\BOOKMARK [2][-]{subsection.1.1}{Introduction\040to\040cells}{section.1}% 2
\BOOKMARK [2][-]{subsection.1.2}{Ultrastructure\040of\040cells}{section.1}% 3
\BOOKMARK [2][-]{subsection.1.3}{Membrane\040structure}{section.1}% 4
\BOOKMARK [2][-]{subsection.1.4}{Membrane\040transport}{section.1}% 5
\BOOKMARK [2][-]{subsection.1.5}{The\040origin\040of\040cells}{section.1}% 6
\BOOKMARK [2][-]{subsection.1.6}{Cell\040division}{section.1}% 7
\BOOKMARK [1][-]{section.2}{Molecular\040biology}{}% 8
\BOOKMARK [2][-]{subsection.2.1}{Molecules\040to\040metabolism}{section.2}% 9
\BOOKMARK [2][-]{subsection.2.2}{Water}{section.2}% 10
\BOOKMARK [2][-]{subsection.2.3}{Carbohydrates\040and\040lipids}{section.2}% 11
\BOOKMARK [2][-]{subsection.2.4}{Proteins}{section.2}% 12
\BOOKMARK [2][-]{subsection.2.5}{Enzymes}{section.2}% 13
\BOOKMARK [2][-]{subsection.2.6}{Structure\040of\040DNA\040and\040RNA}{section.2}% 14
\BOOKMARK [2][-]{subsection.2.7}{DNA\040replication,\040transcription\040and\040translation}{section.2}% 15
\BOOKMARK [2][-]{subsection.2.8}{Cell\040respiration}{section.2}% 16
\BOOKMARK [2][-]{subsection.2.9}{Photosynthesis}{section.2}% 17
\BOOKMARK [1][-]{section.3}{Genetics}{}% 18
\BOOKMARK [2][-]{subsection.3.1}{Genes}{section.3}% 19
\BOOKMARK [2][-]{subsection.3.2}{Chromosomes}{section.3}% 20
\BOOKMARK [2][-]{subsection.3.3}{Meiosis}{section.3}% 21
\BOOKMARK [2][-]{subsection.3.4}{Inheritance}{section.3}% 22
\BOOKMARK [2][-]{subsection.3.5}{Genetic\040modification\040and\040biotechnology}{section.3}% 23
\BOOKMARK [1][-]{section.4}{Ecology}{}% 24
\BOOKMARK [2][-]{subsection.4.1}{Species,\040communities\040and\040ecosystems}{section.4}% 25
\BOOKMARK [2][-]{subsection.4.2}{Energy\040flow}{section.4}% 26
\BOOKMARK [2][-]{subsection.4.3}{Carbon\040cycling}{section.4}% 27
\BOOKMARK [2][-]{subsection.4.4}{Climate\040change}{section.4}% 28
\BOOKMARK [1][-]{section.5}{Evolution\040and\040biodiversity}{}% 29
\BOOKMARK [2][-]{subsection.5.1}{Evidence\040for\040evolution}{section.5}% 30
\BOOKMARK [2][-]{subsection.5.2}{Natural\040selection}{section.5}% 31
\BOOKMARK [2][-]{subsection.5.3}{Classification\040of\040biodiversity}{section.5}% 32
\BOOKMARK [2][-]{subsection.5.4}{Cladistics}{section.5}% 33
\BOOKMARK [1][-]{section.6}{Human\040physiology}{}% 34
\BOOKMARK [2][-]{subsection.6.1}{Digestion\040and\040absorption}{section.6}% 35
\BOOKMARK [2][-]{subsection.6.2}{The\040blood\040system}{section.6}% 36
\BOOKMARK [2][-]{subsection.6.3}{Defense\040against\040infectious\040disease}{section.6}% 37
\BOOKMARK [2][-]{subsection.6.4}{Gas\040exchange}{section.6}% 38
\BOOKMARK [2][-]{subsection.6.5}{Neurons\040and\040synapses}{section.6}% 39
\BOOKMARK [2][-]{subsection.6.6}{Hormones,\040homeostasis\040and\040reproduction}{section.6}% 40
\BOOKMARK [1][-]{section.7}{Nucleic\040acids}{}% 41
\BOOKMARK [2][-]{subsection.7.1}{DNA\040structure\040and\040replication}{section.7}% 42
\BOOKMARK [2][-]{subsection.7.2}{Transcription\040and\040gene\040expression}{section.7}% 43
\BOOKMARK [2][-]{subsection.7.3}{Translation}{section.7}% 44
\BOOKMARK [1][-]{section.8}{Metabolism,\040cell\040respiration\040and\040photosynthesis}{}% 45
\BOOKMARK [2][-]{subsection.8.1}{Metabolism}{section.8}% 46
\BOOKMARK [2][-]{subsection.8.2}{Cell\040respiration}{section.8}% 47
\BOOKMARK [2][-]{subsection.8.3}{Photosynthesis}{section.8}% 48
\BOOKMARK [1][-]{section.9}{Plant\040biology}{}% 49
\BOOKMARK [2][-]{subsection.9.1}{Transport\040in\040the\040xylem\040of\040plants}{section.9}% 50
\BOOKMARK [2][-]{subsection.9.2}{Transport\040in\040the\040phloem\040of\040plants}{section.9}% 51
\BOOKMARK [2][-]{subsection.9.3}{Growth\040in\040plants}{section.9}% 52
\BOOKMARK [2][-]{subsection.9.4}{Reproduction\040in\040plants}{section.9}% 53
\BOOKMARK [1][-]{section.10}{Genetics\040and\040evolution}{}% 54
\BOOKMARK [2][-]{subsection.10.1}{Meiosis}{section.10}% 55
\BOOKMARK [2][-]{subsection.10.2}{Inheritance}{section.10}% 56
\BOOKMARK [2][-]{subsection.10.3}{Gene\040pools\040and\040speciation}{section.10}% 57
\BOOKMARK [1][-]{section.11}{Animal\040physiology}{}% 58
\BOOKMARK [2][-]{subsection.11.1}{Antibody\040production\040and\040vaccination}{section.11}% 59
\BOOKMARK [2][-]{subsection.11.2}{Movement}{section.11}% 60
\BOOKMARK [2][-]{subsection.11.3}{The\040kidney\040and\040osmoregulation}{section.11}% 61
\BOOKMARK [2][-]{subsection.11.4}{Sexual\040reproduction}{section.11}% 62
